2024-01-24 13:02:30.988 [info] 実験 'pythonRecommendTensorboardExt' はアクティブです
2024-01-24 13:02:30.990 [info] 実験 'pythonREPLSmartSend' はアクティブです
2024-01-24 13:02:30.992 [info] 実験 'pythonTerminalEnvVarActivation' はアクティブです
2024-01-24 13:02:30.995 [info] 実験 'pythonTestAdapter' はアクティブです
2024-01-24 13:02:30.995 [info] Default formatter is set to null for workspace /root
2024-01-24 13:02:30.997 [info] Test server listening.
2024-01-24 13:02:31.149 [info] Send text to terminal: echo /bin/bash
2024-01-24 13:02:31.412 [info] > /usr/local/bin/python -I ./.vscode-server/extensions/ms-python.python-2023.22.1/pythonFiles/get_output_via_markers.py ./.vscode-server/extensions/ms-python.python-2023.22.1/pythonFiles/interpreterInfo.py
2024-01-24 13:02:31.550 [info] Python インタープリター パス: /usr/local/bin/python
2024-01-24 13:02:33.144 [info] Pylance 言語サーバーを開始しています。
2024-01-24 13:02:40.093 [info] DAP Server launched with command: /usr/local/bin/python /root/.vscode-server/extensions/ms-python.python-2023.22.1/pythonFiles/lib/python/debugpy/adapter
2024-01-24 13:02:41.555 [info] Send text to terminal:  /usr/bin/env /usr/local/bin/python /root/.vscode-server/extensions/ms-python.python-2023.22.1/pythonFiles/lib/python/debugpy/adapter/../../debugpy/launcher 53119 -- /root/manage.py runserver 8001 
2024-01-24 13:02:43.740 [info] Connecting to DAP Server at:  127.0.0.1:52967
2024-01-24 13:10:48.891 [info] Discover tests for workspace name: root - uri: /root/nagoyameshi/urls.py
2024-01-24 13:10:50.393 [info] Connecting to DAP Server at:  127.0.0.1:52967
2024-01-24 13:11:47.431 [info] Discover tests for workspace name: root - uri: /root/NagoyameshiApp/views/user/top_view.py
2024-01-24 13:11:51.095 [info] Discover tests for workspace name: root - uri: /root/NagoyameshiApp/views_org.py
2024-01-24 13:11:52.737 [info] Connecting to DAP Server at:  127.0.0.1:52967
2024-01-24 13:13:36.472 [info] Discover tests for workspace name: root - uri: /root/nagoyameshi/urls.py
2024-01-24 13:13:59.151 [info] Discover tests for workspace name: root - uri: /root/nagoyameshi/urls.py
2024-01-24 13:16:15.518 [info] Discover tests for workspace name: root - uri: /root/NagoyameshiApp/views/user/company_overview.py
2024-01-24 13:16:17.214 [info] Discover tests for workspace name: root - uri: /root/NagoyameshiApp/views_org.py
2024-01-24 13:16:59.365 [info] Discover tests for workspace name: root - uri: /root/nagoyameshi/urls.py
2024-01-24 13:17:50.141 [info] Discover tests for workspace name: root - uri: /root/NagoyameshiApp/views/user/terms_of_use.py
2024-01-24 13:18:25.201 [info] Discover tests for workspace name: root - uri: /root/nagoyameshi/urls.py
2024-01-24 13:18:30.472 [info] Discover tests for workspace name: root - uri: /root/NagoyameshiApp/views_org.py
2024-01-24 13:19:34.747 [info] Discover tests for workspace name: root - uri: /root/NagoyameshiApp/views/user/create_account.py
2024-01-24 13:19:54.786 [info] Discover tests for workspace name: root - uri: /root/NagoyameshiApp/views/user/create_account.py
2024-01-24 13:20:36.765 [info] Discover tests for workspace name: root - uri: /root/NagoyameshiApp/views/user/create_account.py
2024-01-24 13:21:36.833 [info] Discover tests for workspace name: root - uri: /root/NagoyameshiApp/views/user/create_account.py
2024-01-24 13:21:57.922 [info] Discover tests for workspace name: root - uri: /root/NagoyameshiApp/views/user/create_account.py
2024-01-24 13:22:21.457 [info] Discover tests for workspace name: root - uri: /root/nagoyameshi/urls.py
2024-01-24 13:22:27.809 [info] Discover tests for workspace name: root - uri: /root/NagoyameshiApp/views_org.py
2024-01-24 13:23:18.293 [info] Discover tests for workspace name: root - uri: /root/NagoyameshiApp/views/user/login.py
2024-01-24 13:23:28.896 [info] Discover tests for workspace name: root - uri: /root/NagoyameshiApp/views/user/login.py
2024-01-24 13:23:35.896 [info] Discover tests for workspace name: root - uri: /root/NagoyameshiApp/views_org.py
2024-01-24 13:23:59.681 [info] Discover tests for workspace name: root - uri: /root/NagoyameshiApp/views_org.py
2024-01-24 13:25:20.752 [info] Discover tests for workspace name: root - uri: /root/NagoyameshiApp/views/user/login.py
2024-01-24 13:25:55.978 [info] Discover tests for workspace name: root - uri: /root/NagoyameshiApp/views/user/login.py
2024-01-24 13:25:57.427 [info] Discover tests for workspace name: root - uri: /root/nagoyameshi/urls.py
2024-01-24 13:26:47.811 [info] Discover tests for workspace name: root - uri: /root/NagoyameshiApp/views/user/restaurant_list.py
2024-01-24 13:26:54.428 [info] Discover tests for workspace name: root - uri: /root/NagoyameshiApp/views_org.py
2024-01-24 13:27:22.660 [info] Discover tests for workspace name: root - uri: /root/nagoyameshi/urls.py
2024-01-24 13:27:41.935 [info] Discover tests for workspace name: root - uri: /root/NagoyameshiApp/views/user/restaurant_list.py
2024-01-24 13:28:43.497 [info] Discover tests for workspace name: root - uri: /root/NagoyameshiApp/views/user/restaurant_detail.py
2024-01-24 13:29:05.034 [info] Discover tests for workspace name: root - uri: /root/NagoyameshiApp/views/user/restaurant_detail.py
2024-01-24 13:29:31.630 [info] Discover tests for workspace name: root - uri: /root/nagoyameshi/urls.py
2024-01-24 13:29:35.117 [info] Discover tests for workspace name: root - uri: /root/NagoyameshiApp/views_org.py
2024-01-24 13:29:58.522 [info] Discover tests for workspace name: root - uri: /root/NagoyameshiApp/views/user/restaurant_detail.py
2024-01-24 13:30:05.017 [info] Discover tests for workspace name: root - uri: /root/NagoyameshiApp/views/user/company_overview.py
2024-01-24 13:30:19.179 [info] Discover tests for workspace name: root - uri: /root/NagoyameshiApp/views/user/company_overview.py
2024-01-24 13:30:26.575 [info] Discover tests for workspace name: root - uri: /root/NagoyameshiApp/views/user/create_account.py
2024-01-24 13:30:38.155 [info] Discover tests for workspace name: root - uri: /root/NagoyameshiApp/views/user/login.py
2024-01-24 13:30:46.088 [info] Discover tests for workspace name: root - uri: /root/NagoyameshiApp/views/user/restaurant_list.py
2024-01-24 13:31:02.853 [info] Discover tests for workspace name: root - uri: /root/nagoyameshi/urls.py
2024-01-24 13:31:40.518 [info] Discover tests for workspace name: root - uri: /root/NagoyameshiApp/views/user/terms_of_use.py
2024-01-24 13:31:46.846 [info] Discover tests for workspace name: root - uri: /root/NagoyameshiApp/views/user/top_view.py
2024-01-24 13:31:58.929 [info] Discover tests for workspace name: root - uri: /root/NagoyameshiApp/views_org.py
2024-01-24 13:33:22.438 [info] Discover tests for workspace name: root - uri: /root/NagoyameshiApp/views/user/logout.py
2024-01-24 13:33:45.865 [info] Discover tests for workspace name: root - uri: /root/nagoyameshi/urls.py
2024-01-24 13:33:52.645 [info] Discover tests for workspace name: root - uri: /root/NagoyameshiApp/views_org.py
2024-01-24 13:34:05.185 [info] Discover tests for workspace name: root - uri: /root/nagoyameshi/urls.py
2024-01-24 13:35:02.094 [info] Discover tests for workspace name: root - uri: /root/NagoyameshiApp/views/user/password_resetting.py
2024-01-24 13:35:12.566 [info] Discover tests for workspace name: root - uri: /root/NagoyameshiApp/views/user/password_resetting.py
2024-01-24 13:35:40.030 [info] Discover tests for workspace name: root - uri: /root/nagoyameshi/urls.py
2024-01-24 13:35:54.522 [info] Discover tests for workspace name: root - uri: /root/NagoyameshiApp/views_org.py
2024-01-24 13:38:20.202 [info] Discover tests for workspace name: root - uri: /root/NagoyameshiApp/views/user/subscription_guide.py
2024-01-24 13:38:41.591 [info] Discover tests for workspace name: root - uri: /root/NagoyameshiApp/views/user/subscription_guide.py
2024-01-24 13:39:11.043 [info] Discover tests for workspace name: root - uri: /root/nagoyameshi/urls.py
2024-01-24 13:39:21.284 [info] Discover tests for workspace name: root - uri: /root/NagoyameshiApp/views_org.py
2024-01-24 13:40:05.760 [info] Discover tests for workspace name: root - uri: /root/NagoyameshiApp/views/user/delete_account.py
2024-01-24 13:40:23.777 [info] Discover tests for workspace name: root - uri: /root/nagoyameshi/urls.py
2024-01-24 13:40:26.849 [info] Discover tests for workspace name: root - uri: /root/NagoyameshiApp/views_org.py
2024-01-24 13:41:29.681 [info] Discover tests for workspace name: root - uri: /root/NagoyameshiApp/views/user/account_info.py
2024-01-24 13:41:44.357 [info] Discover tests for workspace name: root - uri: /root/NagoyameshiApp/views/user/account_info.py
2024-01-24 13:42:54.105 [info] Discover tests for workspace name: root - uri: /root/nagoyameshi/urls.py
2024-01-24 13:43:56.066 [info] Discover tests for workspace name: root - uri: /root/NagoyameshiApp/views/user/bookings.py
2024-01-24 13:44:26.305 [info] Discover tests for workspace name: root - uri: /root/nagoyameshi/urls.py
2024-01-24 13:44:32.642 [info] Discover tests for workspace name: root - uri: /root/NagoyameshiApp/views_org.py
2024-01-24 13:45:12.355 [info] Discover tests for workspace name: root - uri: /root/NagoyameshiApp/views/user/favorites.py
2024-01-24 13:45:30.318 [info] Discover tests for workspace name: root - uri: /root/nagoyameshi/urls.py
2024-01-24 13:45:38.563 [info] Discover tests for workspace name: root - uri: /root/NagoyameshiApp/views_org.py
2024-01-24 13:46:29.718 [info] Discover tests for workspace name: root - uri: /root/NagoyameshiApp/views/user/change_payment_method.py
2024-01-24 13:47:01.636 [info] Discover tests for workspace name: root - uri: /root/nagoyameshi/urls.py
2024-01-24 13:47:07.008 [info] Discover tests for workspace name: root - uri: /root/NagoyameshiApp/views_org.py
2024-01-24 13:47:39.979 [info] Discover tests for workspace name: root - uri: /root/NagoyameshiApp/views/user/unsubscribe.py
2024-01-24 13:47:51.544 [info] Discover tests for workspace name: root - uri: /root/NagoyameshiApp/views/user/unsubscribe.py
2024-01-24 13:47:56.117 [info] Discover tests for workspace name: root - uri: /root/NagoyameshiApp/views_org.py
2024-01-24 13:48:23.061 [info] Discover tests for workspace name: root - uri: /root/nagoyameshi/urls.py
2024-01-24 13:49:44.914 [info] Discover tests for workspace name: root - uri: /root/NagoyameshiApp/views/resutaurant/manage_login.py
2024-01-24 13:51:13.061 [info] Discover tests for workspace name: root - uri: /root/nagoyameshi/urls.py
2024-01-24 13:51:44.593 [info] Discover tests for workspace name: root - uri: /root/NagoyameshiApp/views_org.py
2024-01-24 13:51:47.401 [info] DAP Server launched with command: /usr/local/bin/python /root/.vscode-server/extensions/ms-python.python-2023.22.1/pythonFiles/lib/python/debugpy/adapter
2024-01-24 13:51:48.758 [info] Send text to terminal:  /usr/bin/env /usr/local/bin/python /root/.vscode-server/extensions/ms-python.python-2023.22.1/pythonFiles/lib/python/debugpy/adapter/../../debugpy/launcher 59619 -- /root/manage.py runserver 8001 
2024-01-24 13:51:50.550 [info] Connecting to DAP Server at:  127.0.0.1:43041
2024-01-24 13:52:37.969 [info] Discover tests for workspace name: root - uri: /root/nagoyameshi/urls.py
2024-01-24 13:53:31.481 [info] Discover tests for workspace name: root - uri: /root/NagoyameshiApp/views/resutaurant/manage_top.py
2024-01-24 13:53:47.111 [info] Discover tests for workspace name: root - uri: /root/nagoyameshi/urls.py
2024-01-24 13:54:04.124 [info] Discover tests for workspace name: root - uri: /root/nagoyameshi/urls.py
2024-01-24 13:54:20.581 [info] Discover tests for workspace name: root - uri: /root/NagoyameshiApp/views_org.py
2024-01-24 13:55:35.523 [info] Discover tests for workspace name: root - uri: /root/nagoyameshi/urls.py
2024-01-24 13:56:13.889 [info] Discover tests for workspace name: root - uri: /root/NagoyameshiApp/views/manage/restaurant_info.py
2024-01-24 13:56:26.962 [info] Discover tests for workspace name: root - uri: /root/NagoyameshiApp/views/manage/restaurant_info.py
2024-01-24 13:56:56.178 [info] Discover tests for workspace name: root - uri: /root/nagoyameshi/urls.py
2024-01-24 13:57:01.986 [info] Discover tests for workspace name: root - uri: /root/NagoyameshiApp/views_org.py
2024-01-24 15:02:56.771 [info] Discover tests for workspace name: root - uri: /root/NagoyameshiApp/views_org.py
2024-01-24 15:03:08.954 [info] Connecting to DAP Server at:  127.0.0.1:52967
2024-01-24 15:22:25.157 [info] Discover tests for workspace name: root - uri: /root/NagoyameshiApp/views/manage/booking_confirmation.py
2024-01-24 15:22:50.821 [info] Discover tests for workspace name: root - uri: /root/nagoyameshi/urls.py
2024-01-24 15:22:51.968 [info] Connecting to DAP Server at:  127.0.0.1:52967
2024-01-24 15:23:15.285 [info] Discover tests for workspace name: root - uri: /root/NagoyameshiApp/views_org.py
2024-01-24 15:23:16.789 [info] Connecting to DAP Server at:  127.0.0.1:52967
2024-01-24 15:24:09.409 [info] Discover tests for workspace name: root - uri: /root/NagoyameshiApp/views/manage/restaurant_confirmation.py
2024-01-24 15:25:13.300 [info] Discover tests for workspace name: root - uri: /root/nagoyameshi/urls.py
2024-01-24 15:25:28.505 [info] Discover tests for workspace name: root - uri: /root/nagoyameshi/urls.py
2024-01-24 15:25:52.309 [info] Discover tests for workspace name: root - uri: /root/NagoyameshiApp/views_org.py
2024-01-24 15:26:01.911 [info] Discover tests for workspace name: root - uri: /root/NagoyameshiApp/views_org.py
2024-01-24 15:27:03.959 [info] Discover tests for workspace name: root - uri: /root/NagoyameshiApp/views/superuser/admin_login.py
2024-01-24 15:27:55.472 [info] Discover tests for workspace name: root - uri: /root/nagoyameshi/urls.py
2024-01-24 15:28:44.254 [info] Discover tests for workspace name: root - uri: /root/NagoyameshiApp/views/superuser/admin_top.py
2024-01-24 15:29:11.460 [info] Discover tests for workspace name: root - uri: /root/nagoyameshi/urls.py
2024-01-24 15:29:42.637 [info] Discover tests for workspace name: root - uri: /root/NagoyameshiApp/views_org.py
2024-01-24 15:30:24.409 [info] Discover tests for workspace name: root - uri: /root/NagoyameshiApp/views/superuser/category_list.py
2024-01-24 15:30:34.300 [info] Discover tests for workspace name: root - uri: /root/NagoyameshiApp/views/superuser/category_list.py
2024-01-24 15:30:49.128 [info] Discover tests for workspace name: root - uri: /root/nagoyameshi/urls.py
2024-01-24 15:30:50.214 [info] Connecting to DAP Server at:  127.0.0.1:52967
2024-01-24 15:31:00.878 [info] Discover tests for workspace name: root - uri: /root/nagoyameshi/urls.py
2024-01-24 15:31:02.546 [info] Discover tests for workspace name: root - uri: /root/NagoyameshiApp/views_org.py
2024-01-24 15:31:52.644 [info] Discover tests for workspace name: root - uri: /root/NagoyameshiApp/views/superuser/user_list.py
2024-01-24 15:31:55.226 [info] Discover tests for workspace name: root - uri: /root/NagoyameshiApp/views/superuser/user_list.py
2024-01-24 15:32:22.242 [info] Discover tests for workspace name: root - uri: /root/nagoyameshi/urls.py
2024-01-24 15:32:30.881 [info] Discover tests for workspace name: root - uri: /root/NagoyameshiApp/views_org.py
2024-01-24 15:33:17.032 [info] Discover tests for workspace name: root - uri: /root/NagoyameshiApp/views/superuser/sales.py
2024-01-24 15:33:27.196 [info] Discover tests for workspace name: root - uri: /root/NagoyameshiApp/views_org.py
2024-01-24 15:33:28.461 [info] Connecting to DAP Server at:  127.0.0.1:52967
2024-01-24 15:34:47.231 [info] Discover tests for workspace name: root - uri: /root/NagoyameshiApp/views/superuser/user_number.py
2024-01-24 15:35:18.058 [info] Discover tests for workspace name: root - uri: /root/nagoyameshi/urls.py
2024-01-24 15:35:44.046 [info] Discover tests for workspace name: root - uri: /root/nagoyameshi/urls.py
2024-01-24 15:35:46.524 [info] Discover tests for workspace name: root - uri: /root/NagoyameshiApp/views_org.py
2024-01-24 15:35:52.171 [info] Discover tests for workspace name: root - uri: /root/NagoyameshiApp/views_org.py
2024-01-24 15:36:28.912 [info] Discover tests for workspace name: root - uri: /root/nagoyameshi/urls.py
2024-01-24 15:37:50.143 [info] Discover tests for workspace name: root - uri: /root/NagoyameshiApp/forms.py
2024-01-24 15:37:52.635 [info] Discover tests for workspace name: root - uri: /root/NagoyameshiApp/views/user/restaurant_list.py
2024-01-24 15:37:54.010 [info] Discover tests for workspace name: root - uri: /root/NagoyameshiApp/views/user/restaurant_detail.py
2024-01-24 15:37:55.502 [info] Discover tests for workspace name: root - uri: /root/NagoyameshiApp/views/user/account_info.py
2024-01-24 15:38:00.626 [info] Discover tests for workspace name: root - uri: /root/NagoyameshiApp/views/manage/restaurant_info.py
2024-01-24 15:40:12.862 [info] Discover tests for workspace name: root - uri: /root/NagoyameshiApp/models/restaurant.py
2024-01-24 15:40:21.272 [info] Discover tests for workspace name: root - uri: /root/NagoyameshiApp/models_org.py
2024-01-24 15:40:45.686 [info] Discover tests for workspace name: root - uri: /root/NagoyameshiApp/models/user.py
2024-01-24 15:41:43.615 [info] Discover tests for workspace name: root - uri: /root/NagoyameshiApp/forms.py
2024-01-24 15:42:15.855 [info] Discover tests for workspace name: root - uri: /root/NagoyameshiApp/views/user/restaurant_list.py
2024-01-24 15:42:29.566 [info] Discover tests for workspace name: root - uri: /root/NagoyameshiApp/views/user/restaurant_detail.py
2024-01-24 15:42:40.077 [info] Discover tests for workspace name: root - uri: /root/NagoyameshiApp/views/user/account_info.py
2024-01-24 15:43:01.897 [info] Discover tests for workspace name: root - uri: /root/NagoyameshiApp/views/manage/restaurant_info.py
2024-01-24 15:43:57.442 [info] Discover tests for workspace name: root - uri: /root/NagoyameshiApp/models/restaurant.py
2024-01-24 15:44:17.298 [info] Discover tests for workspace name: root - uri: /root/NagoyameshiApp/models/user.py
2024-01-24 15:54:39.246 [info] DAP Server launched with command: /usr/local/bin/python /root/.vscode-server/extensions/ms-python.python-2023.22.1/pythonFiles/lib/python/debugpy/adapter
2024-01-24 15:54:40.773 [info] Send text to terminal:  /usr/bin/env /usr/local/bin/python /root/.vscode-server/extensions/ms-python.python-2023.22.1/pythonFiles/lib/python/debugpy/adapter/../../debugpy/launcher 37783 -- /root/manage.py runserver 8001 
2024-01-24 15:54:42.355 [info] Connecting to DAP Server at:  127.0.0.1:47987
2024-01-24 15:56:41.803 [info] DAP Server launched with command: /usr/local/bin/python /root/.vscode-server/extensions/ms-python.python-2023.22.1/pythonFiles/lib/python/debugpy/adapter
2024-01-24 15:56:41.979 [info] Send text to terminal:  cd /root ; /usr/bin/env /usr/local/bin/python /root/.vscode-server/extensions/ms-python.python-2023.22.1/pythonFiles/lib/python/debugpy/adapter/../../debugpy/launcher 50669 -- /root/manage.py runserver 8001 
2024-01-24 15:56:43.549 [info] Connecting to DAP Server at:  127.0.0.1:45985
2024-01-24 16:12:57.938 [info] Discover tests for workspace name: root - uri: /root/NagoyameshiApp/models/restaurant.py
