2024-01-24 13:02:32.237 [info] (Client) Pylance async client (2023.12.1) started with python extension (2023.22.1)
2024-01-24 13:02:33.112 [info] [Info  - 1:02:33 PM] (474) Pylance language server 2023.12.1 (pyright a78e2b10) starting
2024-01-24 13:02:33.113 [info] [Info  - 1:02:33 PM] (474) Server root directory: /root/.vscode-server/extensions/ms-python.vscode-pylance-2023.12.1/dist
2024-01-24 13:02:33.114 [info] [Info  - 1:02:33 PM] (474) Starting service instance "root"
2024-01-24 13:02:33.195 [info] [Info  - 1:02:33 PM] (474) Setting pythonPath for service "root": "/usr/local/bin/python"
2024-01-24 13:02:33.196 [info] [Info  - 1:02:33 PM] (474) Setting environmentName for service "root": "3.11.7 (グローバル)"
2024-01-24 13:02:33.250 [info] [Info  - 1:02:33 PM] (474) Assuming Python version 3.11
2024-01-24 13:02:33.622 [info] [Info  - 1:02:33 PM] (474) Found 16 source files
2024-01-24 13:07:36.631 [info] [Info  - 1:07:36 PM] (474) Found 16 source files
2024-01-24 13:08:23.148 [info] [Info  - 1:08:23 PM] (474) Found 16 source files
2024-01-24 13:10:06.356 [info] [Info  - 1:10:06 PM] (474) Found 17 source files
2024-01-24 13:10:36.113 [info] [Info  - 1:10:36 PM] (474) Found 18 source files
2024-01-24 13:15:52.202 [info] [Info  - 1:15:52 PM] (474) Found 19 source files
2024-01-24 13:17:36.225 [info] [Info  - 1:17:36 PM] (474) Found 20 source files
2024-01-24 13:18:59.891 [info] [Info  - 1:18:59 PM] (474) Found 21 source files
2024-01-24 13:22:49.985 [info] [Info  - 1:22:49 PM] (474) Found 22 source files
2024-01-24 13:26:29.747 [info] [Info  - 1:26:29 PM] (474) Found 23 source files
2024-01-24 13:28:26.570 [info] [Info  - 1:28:26 PM] (474) Found 24 source files
2024-01-24 13:32:36.107 [info] [Info  - 1:32:36 PM] (474) Found 25 source files
2024-01-24 13:34:36.192 [info] [Info  - 1:34:36 PM] (474) Found 26 source files
2024-01-24 13:36:15.330 [info] [Info  - 1:36:15 PM] (474) Found 27 source files
2024-01-24 13:39:40.466 [info] [Info  - 1:39:40 PM] (474) Found 28 source files
2024-01-24 13:40:59.072 [info] [Info  - 1:40:59 PM] (474) Found 29 source files
2024-01-24 13:43:21.362 [info] [Info  - 1:43:21 PM] (474) Found 30 source files
2024-01-24 13:44:51.050 [info] [Info  - 1:44:51 PM] (474) Found 31 source files
2024-01-24 13:46:03.146 [info] [Info  - 1:46:03 PM] (474) Found 32 source files
2024-01-24 13:47:21.976 [info] [Info  - 1:47:21 PM] (474) Found 33 source files
2024-01-24 13:48:58.613 [info] [Info  - 1:48:58 PM] (474) Found 34 source files
2024-01-24 13:49:22.111 [info] [Info  - 1:49:22 PM] (474) Found 35 source files
2024-01-24 13:53:08.335 [info] [Info  - 1:53:08 PM] (474) Found 36 source files
2024-01-24 13:55:07.029 [info] [Info  - 1:55:07 PM] (474) Found 37 source files
2024-01-24 13:55:17.443 [info] [Info  - 1:55:17 PM] (474) Found 37 source files
2024-01-24 15:21:33.673 [info] [Info  - 3:21:33 PM] (474) Found 38 source files
2024-01-24 15:21:47.774 [info] [Info  - 3:21:47 PM] (474) Found 39 source files
2024-01-24 15:22:03.152 [info] [Info  - 3:22:03 PM] (474) Found 39 source files
2024-01-24 15:23:50.891 [info] [Info  - 3:23:50 PM] (474) Found 40 source files
2024-01-24 15:25:11.502 [info] [Info  - 3:25:11 PM] (474) Found 40 source files
2024-01-24 15:26:37.400 [info] [Info  - 3:26:37 PM] (474) Found 41 source files
2024-01-24 15:28:18.142 [info] [Info  - 3:28:18 PM] (474) Found 42 source files
2024-01-24 15:30:11.606 [info] [Info  - 3:30:11 PM] (474) Found 43 source files
2024-01-24 15:31:32.616 [info] [Info  - 3:31:32 PM] (474) Found 44 source files
2024-01-24 15:32:55.744 [info] [Info  - 3:32:55 PM] (474) Found 45 source files
2024-01-24 15:34:19.534 [info] [Info  - 3:34:19 PM] (474) Found 46 source files
2024-01-24 15:36:07.539 [info] [Info  - 3:36:07 PM] (474) Found 45 source files
2024-01-24 15:37:40.454 [info] [Info  - 3:37:40 PM] (474) Found 45 source files
2024-01-24 15:38:35.611 [info] [Info  - 3:38:35 PM] (474) Found 45 source files
2024-01-24 15:38:49.071 [info] [Info  - 3:38:49 PM] (474) Found 46 source files
2024-01-24 15:39:03.074 [info] [Info  - 3:39:03 PM] (474) Found 47 source files
2024-01-24 15:39:08.974 [info] [Info  - 3:39:08 PM] (474) Found 48 source files
2024-01-24 15:39:49.151 [info] [Info  - 3:39:49 PM] (474) Found 48 source files
2024-01-24 15:39:56.673 [info] [Info  - 3:39:56 PM] (474) Found 48 source files
2024-01-24 15:40:13.172 [info] [Info  - 3:40:13 PM] (474) Found 48 source files
2024-01-24 15:41:00.071 [info] [Info  - 3:41:00 PM] (474) Found 47 source files
