2024-01-24 23:49:12.112 [info] 実験 'pythonRecommendTensorboardExt' はアクティブです
2024-01-24 23:49:12.114 [info] 実験 'pythonREPLSmartSend' はアクティブです
2024-01-24 23:49:12.115 [info] 実験 'pythonTerminalEnvVarActivation' はアクティブです
2024-01-24 23:49:12.116 [info] 実験 'pythonTestAdapter' はアクティブです
2024-01-24 23:49:12.117 [info] Default formatter is set to null for workspace /root
2024-01-24 23:49:12.118 [info] Test server listening.
2024-01-24 23:49:12.288 [info] Send text to terminal: echo /bin/bash
2024-01-24 23:49:12.392 [info] > /usr/local/bin/python -I ./.vscode-server/extensions/ms-python.python-2023.22.1/pythonFiles/get_output_via_markers.py ./.vscode-server/extensions/ms-python.python-2023.22.1/pythonFiles/interpreterInfo.py
2024-01-24 23:49:12.511 [info] Python インタープリター パス: /usr/local/bin/python
2024-01-24 23:49:14.614 [info] Pylance 言語サーバーを開始しています。
2024-01-27 08:39:43.080 [info] DAP Server launched with command: /usr/local/bin/python /root/.vscode-server/extensions/ms-python.python-2023.22.1/pythonFiles/lib/python/debugpy/adapter
2024-01-27 08:39:44.652 [info] Send text to terminal:  /usr/bin/env /usr/local/bin/python /root/.vscode-server/extensions/ms-python.python-2023.22.1/pythonFiles/lib/python/debugpy/adapter/../../debugpy/launcher 48415 -- /root/manage.py runserver 8001 
2024-01-27 08:39:46.860 [info] Connecting to DAP Server at:  127.0.0.1:39063
2024-01-27 15:40:57.159 [info] Discover tests for workspace name: root - uri: /root/nagoyameshi/urls.py
2024-01-27 15:40:58.620 [info] Connecting to DAP Server at:  127.0.0.1:39063
2024-01-27 15:48:19.433 [info] Discover tests for workspace name: root - uri: /root/NagoyameshiApp/views/superuser/admin_booking_confirmation copy.py
2024-01-27 15:49:00.172 [info] Discover tests for workspace name: root - uri: /root/NagoyameshiApp/views/superuser/admin_restaurant_detail.py
2024-01-27 15:49:26.397 [info] Discover tests for workspace name: root - uri: /root/NagoyameshiApp/views/superuser/admin_restaurant_edit.py
2024-01-27 15:49:46.738 [info] Discover tests for workspace name: root - uri: /root/NagoyameshiApp/views/superuser/admin_restaurant_list.py
2024-01-27 15:50:05.711 [info] Discover tests for workspace name: root - uri: /root/NagoyameshiApp/views/superuser/admin_review_confirmation.py
2024-01-27 15:51:35.829 [info] Discover tests for workspace name: root - uri: /root/nagoyameshi/urls.py
2024-01-27 15:51:48.776 [info] Discover tests for workspace name: root - uri: /root/nagoyameshi/urls.py
2024-01-27 15:52:11.307 [info] Discover tests for workspace name: root - uri: /root/nagoyameshi/urls.py
2024-01-27 16:07:41.010 [info] DAP Server launched with command: /usr/local/bin/python /root/.vscode-server/extensions/ms-python.python-2023.22.1/pythonFiles/lib/python/debugpy/adapter
2024-01-27 16:07:41.208 [info] Send text to terminal:  cd /root ; /usr/bin/env /usr/local/bin/python /root/.vscode-server/extensions/ms-python.python-2023.22.1/pythonFiles/lib/python/debugpy/adapter/../../debugpy/launcher 56095 -- /root/manage.py runserver 8001 
2024-01-27 16:07:42.681 [info] Connecting to DAP Server at:  127.0.0.1:58689
2024-01-27 16:08:29.295 [info] Running installed packages checker:  /usr/local/bin/python /root/.vscode-server/extensions/ms-python.python-2023.22.1/pythonFiles/installed_check.py /root/requirements.txt
2024-01-27 16:08:29.296 [info] > /usr/local/bin/python ./.vscode-server/extensions/ms-python.python-2023.22.1/pythonFiles/installed_check.py ./requirements.txt
2024-01-27 16:20:06.960 [info] Discover tests for workspace name: root - uri: /root/nagoyameshi/urls.py
2024-01-27 16:20:08.843 [info] Connecting to DAP Server at:  127.0.0.1:58689
2024-02-03 01:11:24.347 [info] DAP Server launched with command: /usr/local/bin/python /root/.vscode-server/extensions/ms-python.python-2023.22.1/pythonFiles/lib/python/debugpy/adapter
2024-02-03 01:11:24.661 [info] Send text to terminal:  cd /root ; /usr/bin/env /usr/local/bin/python /root/.vscode-server/extensions/ms-python.python-2023.22.1/pythonFiles/lib/python/debugpy/adapter/../../debugpy/launcher 37243 -- /root/manage.py runserver 8001 
2024-02-03 01:11:26.694 [info] Connecting to DAP Server at:  127.0.0.1:35569
2024-02-03 01:13:11.078 [info] Discover tests for workspace name: root - uri: /root/NagoyameshiApp/views/superuser/admin_top.py
2024-02-03 01:13:12.218 [info] Connecting to DAP Server at:  127.0.0.1:35569
2024-02-03 01:15:58.582 [info] Discover tests for workspace name: root - uri: /root/nagoyameshi/urls.py
2024-02-03 01:16:00.233 [info] Connecting to DAP Server at:  127.0.0.1:35569
