2024-01-24 23:49:13.729 [info] (Client) Pylance async client (2023.12.1) started with python extension (2023.22.1)
2024-01-24 23:49:14.592 [info] [Info  - 11:49:14 PM] (472) Pylance language server 2023.12.1 (pyright a78e2b10) starting
2024-01-24 23:49:14.593 [info] [Info  - 11:49:14 PM] (472) Server root directory: /root/.vscode-server/extensions/ms-python.vscode-pylance-2023.12.1/dist
2024-01-24 23:49:14.594 [info] [Info  - 11:49:14 PM] (472) Starting service instance "root"
2024-01-24 23:49:14.679 [info] [Info  - 11:49:14 PM] (472) Setting pythonPath for service "root": "/usr/local/bin/python"
2024-01-24 23:49:14.679 [info] [Info  - 11:49:14 PM] (472) Setting environmentName for service "root": "3.11.7 (グローバル)"
2024-01-24 23:49:14.729 [info] [Info  - 11:49:14 PM] (472) Assuming Python version 3.11
2024-01-24 23:49:15.033 [info] [Info  - 11:49:15 PM] (472) Found 48 source files
2024-01-27 15:38:42.437 [info] [Error - 3:38:42 PM] (472) IntelliCode exception: Error: failed to call OrtRun(). ERROR_CODE: 2, ERROR_MESSAGE: Got invalid dimensions for input: input_batch:0 for the following indices
 index: 1 Got: 102 Expected: 100
 Please fix either the inputs or the model.
    at t.checkLastError (/root/.vscode-server/extensions/ms-python.vscode-pylance-2023.12.1/dist/vendor.bundle.js:2:345942)
    at Object.t.run (/root/.vscode-server/extensions/ms-python.vscode-pylance-2023.12.1/dist/vendor.bundle.js:2:340853)
    at t.run (/root/.vscode-server/extensions/ms-python.vscode-pylance-2023.12.1/dist/vendor.bundle.js:2:329704)
    at t.OnnxruntimeWebAssemblySessionHandler.run (/root/.vscode-server/extensions/ms-python.vscode-pylance-2023.12.1/dist/vendor.bundle.js:2:332551)
    at s.run (/root/.vscode-server/extensions/ms-python.vscode-pylance-2023.12.1/dist/vendor.bundle.js:2:2469813)
    at _0x150fc5.<computed>.getRecommendations (/root/.vscode-server/extensions/ms-python.vscode-pylance-2023.12.1/dist/server.bundle.js:1:297372)
    at _0x48abad.<computed>.addCompletionItems (/root/.vscode-server/extensions/ms-python.vscode-pylance-2023.12.1/dist/server.bundle.js:1:310019)
    at /root/.vscode-server/extensions/ms-python.vscode-pylance-2023.12.1/dist/server.bundle.js:1:930871
    at _0xf1c718.onCompletion (/root/.vscode-server/extensions/ms-python.vscode-pylance-2023.12.1/dist/server.bundle.js:1:925727)
2024-01-27 15:45:51.165 [info] [Info  - 3:45:51 PM] (472) Found 49 source files
2024-01-27 15:46:16.045 [info] [Info  - 3:46:16 PM] (472) Found 49 source files
2024-01-27 15:46:23.383 [info] [Info  - 3:46:23 PM] (472) Found 50 source files
2024-01-27 15:46:32.618 [info] [Info  - 3:46:32 PM] (472) Found 50 source files
2024-01-27 15:46:39.451 [info] [Info  - 3:46:39 PM] (472) Found 51 source files
2024-01-27 15:46:46.457 [info] [Info  - 3:46:46 PM] (472) Found 51 source files
2024-01-27 15:47:01.033 [info] [Info  - 3:47:01 PM] (472) Found 52 source files
2024-01-27 15:47:23.395 [info] [Info  - 3:47:23 PM] (472) Found 52 source files
2024-01-27 15:47:35.486 [info] [Info  - 3:47:35 PM] (472) Found 53 source files
2024-01-27 15:47:49.095 [info] [Info  - 3:47:49 PM] (472) Found 53 source files
2024-01-27 15:51:50.377 [info] [Info  - 3:51:50 PM] (472) Found 53 source files
2024-01-27 15:55:39.966 [info] [Info  - 3:55:39 PM] (472) Setting pythonPath for service "root": "/usr/local/bin/python"
2024-01-27 15:55:39.967 [info] [Info  - 3:55:39 PM] (472) Setting environmentName for service "root": "3.11.7 (グローバル)"
2024-01-27 15:55:40.031 [info] [Info  - 3:55:40 PM] (472) Assuming Python version 3.11
2024-01-27 15:55:40.343 [info] [Info  - 3:55:40 PM] (472) Found 53 source files
